running egg_info
creating ../../build/r2d2_sim/r2d2_sim.egg-info
writing ../../build/r2d2_sim/r2d2_sim.egg-info/PKG-INFO
writing dependency_links to ../../build/r2d2_sim/r2d2_sim.egg-info/dependency_links.txt
writing entry points to ../../build/r2d2_sim/r2d2_sim.egg-info/entry_points.txt
writing requirements to ../../build/r2d2_sim/r2d2_sim.egg-info/requires.txt
writing top-level names to ../../build/r2d2_sim/r2d2_sim.egg-info/top_level.txt
writing manifest file '../../build/r2d2_sim/r2d2_sim.egg-info/SOURCES.txt'
reading manifest file '../../build/r2d2_sim/r2d2_sim.egg-info/SOURCES.txt'
writing manifest file '../../build/r2d2_sim/r2d2_sim.egg-info/SOURCES.txt'
running build
running build_py
creating /home/ziper/r2d2_ws_last/r2d2_ws/ROS/build/r2d2_sim/build
creating /home/ziper/r2d2_ws_last/r2d2_ws/ROS/build/r2d2_sim/build/lib
creating /home/ziper/r2d2_ws_last/r2d2_ws/ROS/build/r2d2_sim/build/lib/r2d2_sim
copying r2d2_sim/robot_controller.py -> /home/ziper/r2d2_ws_last/r2d2_ws/ROS/build/r2d2_sim/build/lib/r2d2_sim
copying r2d2_sim/__init__.py -> /home/ziper/r2d2_ws_last/r2d2_ws/ROS/build/r2d2_sim/build/lib/r2d2_sim
running install
running install_lib
creating /home/ziper/r2d2_ws_last/r2d2_ws/ROS/install/r2d2_sim/lib/python3.12/site-packages/r2d2_sim
copying /home/ziper/r2d2_ws_last/r2d2_ws/ROS/build/r2d2_sim/build/lib/r2d2_sim/robot_controller.py -> /home/ziper/r2d2_ws_last/r2d2_ws/ROS/install/r2d2_sim/lib/python3.12/site-packages/r2d2_sim
copying /home/ziper/r2d2_ws_last/r2d2_ws/ROS/build/r2d2_sim/build/lib/r2d2_sim/__init__.py -> /home/ziper/r2d2_ws_last/r2d2_ws/ROS/install/r2d2_sim/lib/python3.12/site-packages/r2d2_sim
byte-compiling /home/ziper/r2d2_ws_last/r2d2_ws/ROS/install/r2d2_sim/lib/python3.12/site-packages/r2d2_sim/robot_controller.py to robot_controller.cpython-312.pyc
byte-compiling /home/ziper/r2d2_ws_last/r2d2_ws/ROS/install/r2d2_sim/lib/python3.12/site-packages/r2d2_sim/__init__.py to __init__.cpython-312.pyc
running install_data
creating /home/ziper/r2d2_ws_last/r2d2_ws/ROS/install/r2d2_sim/share/ament_index
creating /home/ziper/r2d2_ws_last/r2d2_ws/ROS/install/r2d2_sim/share/ament_index/resource_index
creating /home/ziper/r2d2_ws_last/r2d2_ws/ROS/install/r2d2_sim/share/ament_index/resource_index/packages
copying resource/r2d2_sim -> /home/ziper/r2d2_ws_last/r2d2_ws/ROS/install/r2d2_sim/share/ament_index/resource_index/packages
copying package.xml -> /home/ziper/r2d2_ws_last/r2d2_ws/ROS/install/r2d2_sim/share/r2d2_sim
creating /home/ziper/r2d2_ws_last/r2d2_ws/ROS/install/r2d2_sim/share/r2d2_sim/launch
copying launch/r2d2.launch.py -> /home/ziper/r2d2_ws_last/r2d2_ws/ROS/install/r2d2_sim/share/r2d2_sim/launch
creating /home/ziper/r2d2_ws_last/r2d2_ws/ROS/install/r2d2_sim/share/r2d2_sim/models
creating /home/ziper/r2d2_ws_last/r2d2_ws/ROS/install/r2d2_sim/share/r2d2_sim/models/r2d2models
copying models/r2d2models/model.sdf -> /home/ziper/r2d2_ws_last/r2d2_ws/ROS/install/r2d2_sim/share/r2d2_sim/models/r2d2models
copying models/r2d2models/r2d2.xacro.urdf -> /home/ziper/r2d2_ws_last/r2d2_ws/ROS/install/r2d2_sim/share/r2d2_sim/models/r2d2models
creating /home/ziper/r2d2_ws_last/r2d2_ws/ROS/install/r2d2_sim/share/r2d2_sim/config
copying config/diff_drive_controller.yaml -> /home/ziper/r2d2_ws_last/r2d2_ws/ROS/install/r2d2_sim/share/r2d2_sim/config
creating /home/ziper/r2d2_ws_last/r2d2_ws/ROS/install/r2d2_sim/share/r2d2_sim/r2d2_sim
copying r2d2_sim/robot_controller.py -> /home/ziper/r2d2_ws_last/r2d2_ws/ROS/install/r2d2_sim/share/r2d2_sim/r2d2_sim
running install_egg_info
Copying ../../build/r2d2_sim/r2d2_sim.egg-info to /home/ziper/r2d2_ws_last/r2d2_ws/ROS/install/r2d2_sim/lib/python3.12/site-packages/r2d2_sim-0.0.0-py3.12.egg-info
running install_scripts
Installing robot_controller script to /home/ziper/r2d2_ws_last/r2d2_ws/ROS/install/r2d2_sim/lib/r2d2_sim
writing list of installed files to '/home/ziper/r2d2_ws_last/r2d2_ws/ROS/build/r2d2_sim/install.log'
