[4.782s] Invoking command in '/home/ziper/r2d2_ws_last/r2d2_ws/ROS/src/r2d2_sim': DEBUGINFOD_URLS=https://debuginfod.ubuntu.com PYTHONPATH=/home/ziper/r2d2_ws_last/r2d2_ws/ROS/build/r2d2_sim/prefix_override:/usr/lib/python3/dist-packages/colcon_core/task/python/colcon_distutils_commands:/home/ziper/r2d2_ws_last/r2d2_ws/ROS/install/r2d2_sim/lib/python3.12/site-packages:${PYTHONPATH} /usr/bin/python3 -W ignore:setup.py install is deprecated -W ignore:easy_install command is deprecated setup.py egg_info --egg-base ../../build/r2d2_sim build --build-base /home/ziper/r2d2_ws_last/r2d2_ws/ROS/build/r2d2_sim/build install --record /home/ziper/r2d2_ws_last/r2d2_ws/ROS/build/r2d2_sim/install.log --single-version-externally-managed install_data
[5.617s] running egg_info
[5.619s] creating ../../build/r2d2_sim/r2d2_sim.egg-info
[5.675s] writing ../../build/r2d2_sim/r2d2_sim.egg-info/PKG-INFO
[5.678s] writing dependency_links to ../../build/r2d2_sim/r2d2_sim.egg-info/dependency_links.txt
[5.682s] writing entry points to ../../build/r2d2_sim/r2d2_sim.egg-info/entry_points.txt
[5.685s] writing requirements to ../../build/r2d2_sim/r2d2_sim.egg-info/requires.txt
[5.686s] writing top-level names to ../../build/r2d2_sim/r2d2_sim.egg-info/top_level.txt
[5.687s] writing manifest file '../../build/r2d2_sim/r2d2_sim.egg-info/SOURCES.txt'
[5.825s] reading manifest file '../../build/r2d2_sim/r2d2_sim.egg-info/SOURCES.txt'
[5.826s] writing manifest file '../../build/r2d2_sim/r2d2_sim.egg-info/SOURCES.txt'
[5.827s] running build
[5.828s] running build_py
[5.831s] creating /home/ziper/r2d2_ws_last/r2d2_ws/ROS/build/r2d2_sim/build
[5.834s] creating /home/ziper/r2d2_ws_last/r2d2_ws/ROS/build/r2d2_sim/build/lib
[5.835s] creating /home/ziper/r2d2_ws_last/r2d2_ws/ROS/build/r2d2_sim/build/lib/r2d2_sim
[5.835s] copying r2d2_sim/robot_controller.py -> /home/ziper/r2d2_ws_last/r2d2_ws/ROS/build/r2d2_sim/build/lib/r2d2_sim
[5.839s] copying r2d2_sim/__init__.py -> /home/ziper/r2d2_ws_last/r2d2_ws/ROS/build/r2d2_sim/build/lib/r2d2_sim
[5.842s] running install
[5.853s] running install_lib
[5.904s] creating /home/ziper/r2d2_ws_last/r2d2_ws/ROS/install/r2d2_sim/lib/python3.12/site-packages/r2d2_sim
[5.906s] copying /home/ziper/r2d2_ws_last/r2d2_ws/ROS/build/r2d2_sim/build/lib/r2d2_sim/robot_controller.py -> /home/ziper/r2d2_ws_last/r2d2_ws/ROS/install/r2d2_sim/lib/python3.12/site-packages/r2d2_sim
[5.907s] copying /home/ziper/r2d2_ws_last/r2d2_ws/ROS/build/r2d2_sim/build/lib/r2d2_sim/__init__.py -> /home/ziper/r2d2_ws_last/r2d2_ws/ROS/install/r2d2_sim/lib/python3.12/site-packages/r2d2_sim
[5.908s] byte-compiling /home/ziper/r2d2_ws_last/r2d2_ws/ROS/install/r2d2_sim/lib/python3.12/site-packages/r2d2_sim/robot_controller.py to robot_controller.cpython-312.pyc
[5.910s] byte-compiling /home/ziper/r2d2_ws_last/r2d2_ws/ROS/install/r2d2_sim/lib/python3.12/site-packages/r2d2_sim/__init__.py to __init__.cpython-312.pyc
[5.915s] running install_data
[5.917s] creating /home/ziper/r2d2_ws_last/r2d2_ws/ROS/install/r2d2_sim/share/ament_index
[5.918s] creating /home/ziper/r2d2_ws_last/r2d2_ws/ROS/install/r2d2_sim/share/ament_index/resource_index
[5.920s] creating /home/ziper/r2d2_ws_last/r2d2_ws/ROS/install/r2d2_sim/share/ament_index/resource_index/packages
[5.921s] copying resource/r2d2_sim -> /home/ziper/r2d2_ws_last/r2d2_ws/ROS/install/r2d2_sim/share/ament_index/resource_index/packages
[5.924s] copying package.xml -> /home/ziper/r2d2_ws_last/r2d2_ws/ROS/install/r2d2_sim/share/r2d2_sim
[5.925s] creating /home/ziper/r2d2_ws_last/r2d2_ws/ROS/install/r2d2_sim/share/r2d2_sim/launch
[5.926s] copying launch/r2d2.launch.py -> /home/ziper/r2d2_ws_last/r2d2_ws/ROS/install/r2d2_sim/share/r2d2_sim/launch
[5.931s] creating /home/ziper/r2d2_ws_last/r2d2_ws/ROS/install/r2d2_sim/share/r2d2_sim/models
[5.932s] creating /home/ziper/r2d2_ws_last/r2d2_ws/ROS/install/r2d2_sim/share/r2d2_sim/models/r2d2models
[5.932s] copying models/r2d2models/model.sdf -> /home/ziper/r2d2_ws_last/r2d2_ws/ROS/install/r2d2_sim/share/r2d2_sim/models/r2d2models
[5.936s] copying models/r2d2models/r2d2.xacro.urdf -> /home/ziper/r2d2_ws_last/r2d2_ws/ROS/install/r2d2_sim/share/r2d2_sim/models/r2d2models
[5.938s] creating /home/ziper/r2d2_ws_last/r2d2_ws/ROS/install/r2d2_sim/share/r2d2_sim/config
[5.952s] copying config/diff_drive_controller.yaml -> /home/ziper/r2d2_ws_last/r2d2_ws/ROS/install/r2d2_sim/share/r2d2_sim/config
[5.953s] creating /home/ziper/r2d2_ws_last/r2d2_ws/ROS/install/r2d2_sim/share/r2d2_sim/r2d2_sim
[5.954s] copying r2d2_sim/robot_controller.py -> /home/ziper/r2d2_ws_last/r2d2_ws/ROS/install/r2d2_sim/share/r2d2_sim/r2d2_sim
[5.955s] running install_egg_info
[6.023s] Copying ../../build/r2d2_sim/r2d2_sim.egg-info to /home/ziper/r2d2_ws_last/r2d2_ws/ROS/install/r2d2_sim/lib/python3.12/site-packages/r2d2_sim-0.0.0-py3.12.egg-info
[6.025s] running install_scripts
[6.475s] Installing robot_controller script to /home/ziper/r2d2_ws_last/r2d2_ws/ROS/install/r2d2_sim/lib/r2d2_sim
[6.482s] writing list of installed files to '/home/ziper/r2d2_ws_last/r2d2_ws/ROS/build/r2d2_sim/install.log'
[6.564s] Invoked command in '/home/ziper/r2d2_ws_last/r2d2_ws/ROS/src/r2d2_sim' returned '0': DEBUGINFOD_URLS=https://debuginfod.ubuntu.com PYTHONPATH=/home/ziper/r2d2_ws_last/r2d2_ws/ROS/build/r2d2_sim/prefix_override:/usr/lib/python3/dist-packages/colcon_core/task/python/colcon_distutils_commands:/home/ziper/r2d2_ws_last/r2d2_ws/ROS/install/r2d2_sim/lib/python3.12/site-packages:${PYTHONPATH} /usr/bin/python3 -W ignore:setup.py install is deprecated -W ignore:easy_install command is deprecated setup.py egg_info --egg-base ../../build/r2d2_sim build --build-base /home/ziper/r2d2_ws_last/r2d2_ws/ROS/build/r2d2_sim/build install --record /home/ziper/r2d2_ws_last/r2d2_ws/ROS/build/r2d2_sim/install.log --single-version-externally-managed install_data
