[0.329s] DEBUG:colcon:Command line arguments: ['/usr/bin/colcon', 'build']
[0.330s] DEBUG:colcon:Parsed command line arguments: Namespace(log_base=None, log_level=None, verb_name='build', build_base='build', install_base='install', merge_install=False, symlink_install=False, test_result_base=None, continue_on_error=False, executor='parallel', parallel_workers=4, event_handlers=None, ignore_user_meta=False, metas=['./colcon.meta'], base_paths=['.'], packages_ignore=None, packages_ignore_regex=None, paths=None, packages_up_to=None, packages_up_to_regex=None, packages_above=None, packages_above_and_dependencies=None, packages_above_depth=None, packages_select_by_dep=None, packages_skip_by_dep=None, packages_skip_up_to=None, packages_select_build_failed=False, packages_skip_build_finished=False, packages_select_test_failures=False, packages_skip_test_passed=False, packages_select=None, packages_skip=None, packages_select_regex=None, packages_skip_regex=None, packages_start=None, packages_end=None, allow_overriding=[], cmake_args=None, cmake_target=None, cmake_target_skip_unavailable=False, cmake_clean_cache=False, cmake_clean_first=False, cmake_force_configure=False, ament_cmake_args=None, catkin_cmake_args=None, catkin_skip_building_tests=False, mixin_files=None, mixin=None, verb_parser=<colcon_mixin.mixin.mixin_argument.MixinArgumentDecorator object at 0x71e6ff682f00>, verb_extension=<colcon_core.verb.build.BuildVerb object at 0x71e700002e40>, main=<bound method BuildVerb.main of <colcon_core.verb.build.BuildVerb object at 0x71e700002e40>>, mixin_verb=('build',))
[0.445s] Level 1:colcon.colcon_core.package_discovery:discover_packages(colcon_meta) check parameters
[0.445s] Level 1:colcon.colcon_core.package_discovery:discover_packages(recursive) check parameters
[0.445s] Level 1:colcon.colcon_core.package_discovery:discover_packages(ignore) check parameters
[0.445s] Level 1:colcon.colcon_core.package_discovery:discover_packages(path) check parameters
[0.445s] Level 1:colcon.colcon_core.package_discovery:discover_packages(colcon_meta) discover
[0.446s] Level 1:colcon.colcon_core.package_discovery:discover_packages(recursive) discover
[0.446s] INFO:colcon.colcon_core.package_discovery:Crawling recursively for packages in '/home/ziper/r2d2_ws/ROS'
[0.446s] Level 1:colcon.colcon_core.package_identification:_identify(.) by extensions ['ignore', 'ignore_ament_install']
[0.446s] Level 1:colcon.colcon_core.package_identification:_identify(.) by extension 'ignore'
[0.446s] Level 1:colcon.colcon_core.package_identification:_identify(.) by extension 'ignore_ament_install'
[0.447s] Level 1:colcon.colcon_core.package_identification:_identify(.) by extensions ['colcon_pkg']
[0.448s] Level 1:colcon.colcon_core.package_identification:_identify(.) by extension 'colcon_pkg'
[0.448s] Level 1:colcon.colcon_core.package_identification:_identify(.) by extensions ['colcon_meta']
[0.448s] Level 1:colcon.colcon_core.package_identification:_identify(.) by extension 'colcon_meta'
[0.448s] Level 1:colcon.colcon_core.package_identification:_identify(.) by extensions ['ros']
[0.449s] Level 1:colcon.colcon_core.package_identification:_identify(.) by extension 'ros'
[0.497s] Level 1:colcon.colcon_core.package_identification:_identify(.) by extensions ['cmake', 'python']
[0.497s] Level 1:colcon.colcon_core.package_identification:_identify(.) by extension 'cmake'
[0.497s] Level 1:colcon.colcon_core.package_identification:_identify(.) by extension 'python'
[0.497s] Level 1:colcon.colcon_core.package_identification:_identify(.) by extensions ['python_setup_py']
[0.497s] Level 1:colcon.colcon_core.package_identification:_identify(.) by extension 'python_setup_py'
[0.498s] Level 1:colcon.colcon_core.package_identification:_identify(build) by extensions ['ignore', 'ignore_ament_install']
[0.498s] Level 1:colcon.colcon_core.package_identification:_identify(build) by extension 'ignore'
[0.498s] Level 1:colcon.colcon_core.package_identification:_identify(build) ignored
[0.498s] Level 1:colcon.colcon_core.package_identification:_identify(install) by extensions ['ignore', 'ignore_ament_install']
[0.499s] Level 1:colcon.colcon_core.package_identification:_identify(install) by extension 'ignore'
[0.499s] Level 1:colcon.colcon_core.package_identification:_identify(install) ignored
[0.500s] Level 1:colcon.colcon_core.package_identification:_identify(log) by extensions ['ignore', 'ignore_ament_install']
[0.503s] Level 1:colcon.colcon_core.package_identification:_identify(log) by extension 'ignore'
[0.504s] Level 1:colcon.colcon_core.package_identification:_identify(log) ignored
[0.504s] Level 1:colcon.colcon_core.package_identification:_identify(src) by extensions ['ignore', 'ignore_ament_install']
[0.505s] Level 1:colcon.colcon_core.package_identification:_identify(src) by extension 'ignore'
[0.505s] Level 1:colcon.colcon_core.package_identification:_identify(src) by extension 'ignore_ament_install'
[0.505s] Level 1:colcon.colcon_core.package_identification:_identify(src) by extensions ['colcon_pkg']
[0.505s] Level 1:colcon.colcon_core.package_identification:_identify(src) by extension 'colcon_pkg'
[0.506s] Level 1:colcon.colcon_core.package_identification:_identify(src) by extensions ['colcon_meta']
[0.506s] Level 1:colcon.colcon_core.package_identification:_identify(src) by extension 'colcon_meta'
[0.506s] Level 1:colcon.colcon_core.package_identification:_identify(src) by extensions ['ros']
[0.506s] Level 1:colcon.colcon_core.package_identification:_identify(src) by extension 'ros'
[0.506s] Level 1:colcon.colcon_core.package_identification:_identify(src) by extensions ['cmake', 'python']
[0.506s] Level 1:colcon.colcon_core.package_identification:_identify(src) by extension 'cmake'
[0.506s] Level 1:colcon.colcon_core.package_identification:_identify(src) by extension 'python'
[0.506s] Level 1:colcon.colcon_core.package_identification:_identify(src) by extensions ['python_setup_py']
[0.506s] Level 1:colcon.colcon_core.package_identification:_identify(src) by extension 'python_setup_py'
[0.506s] Level 1:colcon.colcon_core.package_identification:_identify(src/r2d2_sim) by extensions ['ignore', 'ignore_ament_install']
[0.506s] Level 1:colcon.colcon_core.package_identification:_identify(src/r2d2_sim) by extension 'ignore'
[0.506s] Level 1:colcon.colcon_core.package_identification:_identify(src/r2d2_sim) by extension 'ignore_ament_install'
[0.506s] Level 1:colcon.colcon_core.package_identification:_identify(src/r2d2_sim) by extensions ['colcon_pkg']
[0.508s] Level 1:colcon.colcon_core.package_identification:_identify(src/r2d2_sim) by extension 'colcon_pkg'
[0.508s] Level 1:colcon.colcon_core.package_identification:_identify(src/r2d2_sim) by extensions ['colcon_meta']
[0.509s] Level 1:colcon.colcon_core.package_identification:_identify(src/r2d2_sim) by extension 'colcon_meta'
[0.509s] Level 1:colcon.colcon_core.package_identification:_identify(src/r2d2_sim) by extensions ['ros']
[0.509s] Level 1:colcon.colcon_core.package_identification:_identify(src/r2d2_sim) by extension 'ros'
[0.514s] DEBUG:colcon.colcon_core.package_identification:Package 'src/r2d2_sim' with type 'ros.ament_python' and name 'r2d2_sim'
[0.514s] Level 1:colcon.colcon_core.package_discovery:discover_packages(recursive) using defaults
[0.514s] Level 1:colcon.colcon_core.package_discovery:discover_packages(ignore) discover
[0.515s] Level 1:colcon.colcon_core.package_discovery:discover_packages(ignore) using defaults
[0.515s] Level 1:colcon.colcon_core.package_discovery:discover_packages(path) discover
[0.515s] Level 1:colcon.colcon_core.package_discovery:discover_packages(path) using defaults
[0.560s] Level 1:colcon.colcon_core.package_discovery:discover_packages(prefix_path) check parameters
[0.560s] Level 1:colcon.colcon_core.package_discovery:discover_packages(prefix_path) discover
[0.566s] DEBUG:colcon.colcon_installed_package_information.package_discovery:Found 1 installed packages in /home/ziper/r2d2_ws/ROS/install
[0.568s] DEBUG:colcon.colcon_installed_package_information.package_discovery:Found 316 installed packages in /opt/ros/jazzy
[0.569s] Level 1:colcon.colcon_core.package_discovery:discover_packages(prefix_path) using defaults
[0.663s] Level 5:colcon.colcon_core.verb:set package 'r2d2_sim' build argument 'cmake_args' from command line to 'None'
[0.663s] Level 5:colcon.colcon_core.verb:set package 'r2d2_sim' build argument 'cmake_target' from command line to 'None'
[0.663s] Level 5:colcon.colcon_core.verb:set package 'r2d2_sim' build argument 'cmake_target_skip_unavailable' from command line to 'False'
[0.663s] Level 5:colcon.colcon_core.verb:set package 'r2d2_sim' build argument 'cmake_clean_cache' from command line to 'False'
[0.663s] Level 5:colcon.colcon_core.verb:set package 'r2d2_sim' build argument 'cmake_clean_first' from command line to 'False'
[0.664s] Level 5:colcon.colcon_core.verb:set package 'r2d2_sim' build argument 'cmake_force_configure' from command line to 'False'
[0.664s] Level 5:colcon.colcon_core.verb:set package 'r2d2_sim' build argument 'ament_cmake_args' from command line to 'None'
[0.664s] Level 5:colcon.colcon_core.verb:set package 'r2d2_sim' build argument 'catkin_cmake_args' from command line to 'None'
[0.664s] Level 5:colcon.colcon_core.verb:set package 'r2d2_sim' build argument 'catkin_skip_building_tests' from command line to 'False'
[0.664s] DEBUG:colcon.colcon_core.verb:Building package 'r2d2_sim' with the following arguments: {'ament_cmake_args': None, 'build_base': '/home/ziper/r2d2_ws/ROS/build/r2d2_sim', 'catkin_cmake_args': None, 'catkin_skip_building_tests': False, 'cmake_args': None, 'cmake_clean_cache': False, 'cmake_clean_first': False, 'cmake_force_configure': False, 'cmake_target': None, 'cmake_target_skip_unavailable': False, 'install_base': '/home/ziper/r2d2_ws/ROS/install/r2d2_sim', 'merge_install': False, 'path': '/home/ziper/r2d2_ws/ROS/src/r2d2_sim', 'symlink_install': False, 'test_result_base': None}
[0.665s] INFO:colcon.colcon_core.executor:Executing jobs using 'parallel' executor
[0.667s] DEBUG:colcon.colcon_parallel_executor.executor.parallel:run_until_complete
[0.668s] INFO:colcon.colcon_ros.task.ament_python.build:Building ROS package in '/home/ziper/r2d2_ws/ROS/src/r2d2_sim' with build type 'ament_python'
[0.669s] Level 1:colcon.colcon_core.shell:create_environment_hook('r2d2_sim', 'ament_prefix_path')
[0.680s] INFO:colcon.colcon_core.plugin_system:Skipping extension 'colcon_core.shell.bat': Not used on non-Windows systems
[0.681s] INFO:colcon.colcon_core.shell:Creating environment hook '/home/ziper/r2d2_ws/ROS/install/r2d2_sim/share/r2d2_sim/hook/ament_prefix_path.ps1'
[0.683s] INFO:colcon.colcon_core.shell:Creating environment descriptor '/home/ziper/r2d2_ws/ROS/install/r2d2_sim/share/r2d2_sim/hook/ament_prefix_path.dsv'
[0.690s] INFO:colcon.colcon_core.shell:Creating environment hook '/home/ziper/r2d2_ws/ROS/install/r2d2_sim/share/r2d2_sim/hook/ament_prefix_path.sh'
[0.692s] INFO:colcon.colcon_core.shell:Skip shell extension 'powershell' for command environment: Not usable outside of PowerShell
[0.692s] DEBUG:colcon.colcon_core.shell:Skip shell extension 'dsv' for command environment
[1.340s] INFO:colcon.colcon_core.task.python.build:Building Python package in '/home/ziper/r2d2_ws/ROS/src/r2d2_sim'
[1.340s] INFO:colcon.colcon_core.shell:Skip shell extension 'powershell' for command environment: Not usable outside of PowerShell
[1.342s] DEBUG:colcon.colcon_core.shell:Skip shell extension 'dsv' for command environment
[3.165s] DEBUG:colcon.colcon_core.event_handler.log_command:Invoking command in '/home/ziper/r2d2_ws/ROS/src/r2d2_sim': DEBUGINFOD_URLS=https://debuginfod.ubuntu.com PYTHONPATH=/home/ziper/r2d2_ws/ROS/build/r2d2_sim/prefix_override:/usr/lib/python3/dist-packages/colcon_core/task/python/colcon_distutils_commands:/home/ziper/r2d2_ws/ROS/install/r2d2_sim/lib/python3.12/site-packages:${PYTHONPATH} /usr/bin/python3 -W ignore:setup.py install is deprecated -W ignore:easy_install command is deprecated setup.py egg_info --egg-base ../../build/r2d2_sim build --build-base /home/ziper/r2d2_ws/ROS/build/r2d2_sim/build install --record /home/ziper/r2d2_ws/ROS/build/r2d2_sim/install.log --single-version-externally-managed install_data
[4.842s] DEBUG:colcon.colcon_core.event_handler.log_command:Invoked command in '/home/ziper/r2d2_ws/ROS/src/r2d2_sim' returned '0': DEBUGINFOD_URLS=https://debuginfod.ubuntu.com PYTHONPATH=/home/ziper/r2d2_ws/ROS/build/r2d2_sim/prefix_override:/usr/lib/python3/dist-packages/colcon_core/task/python/colcon_distutils_commands:/home/ziper/r2d2_ws/ROS/install/r2d2_sim/lib/python3.12/site-packages:${PYTHONPATH} /usr/bin/python3 -W ignore:setup.py install is deprecated -W ignore:easy_install command is deprecated setup.py egg_info --egg-base ../../build/r2d2_sim build --build-base /home/ziper/r2d2_ws/ROS/build/r2d2_sim/build install --record /home/ziper/r2d2_ws/ROS/build/r2d2_sim/install.log --single-version-externally-managed install_data
[4.854s] Level 1:colcon.colcon_core.environment:checking '/home/ziper/r2d2_ws/ROS/install/r2d2_sim' for CMake module files
[4.856s] Level 1:colcon.colcon_core.environment:checking '/home/ziper/r2d2_ws/ROS/install/r2d2_sim' for CMake config files
[4.857s] Level 1:colcon.colcon_core.environment:checking '/home/ziper/r2d2_ws/ROS/install/r2d2_sim/lib'
[4.858s] Level 1:colcon.colcon_core.environment:checking '/home/ziper/r2d2_ws/ROS/install/r2d2_sim/bin'
[4.858s] Level 1:colcon.colcon_core.environment:checking '/home/ziper/r2d2_ws/ROS/install/r2d2_sim/lib/pkgconfig/r2d2_sim.pc'
[4.858s] Level 1:colcon.colcon_core.environment:checking '/home/ziper/r2d2_ws/ROS/install/r2d2_sim/lib/python3.12/site-packages'
[4.858s] Level 1:colcon.colcon_core.shell:create_environment_hook('r2d2_sim', 'pythonpath')
[4.859s] INFO:colcon.colcon_core.shell:Creating environment hook '/home/ziper/r2d2_ws/ROS/install/r2d2_sim/share/r2d2_sim/hook/pythonpath.ps1'
[4.860s] INFO:colcon.colcon_core.shell:Creating environment descriptor '/home/ziper/r2d2_ws/ROS/install/r2d2_sim/share/r2d2_sim/hook/pythonpath.dsv'
[4.861s] INFO:colcon.colcon_core.shell:Creating environment hook '/home/ziper/r2d2_ws/ROS/install/r2d2_sim/share/r2d2_sim/hook/pythonpath.sh'
[4.862s] Level 1:colcon.colcon_core.environment:checking '/home/ziper/r2d2_ws/ROS/install/r2d2_sim/bin'
[4.862s] Level 1:colcon.colcon_core.environment:create_environment_scripts_only(r2d2_sim)
[4.863s] INFO:colcon.colcon_core.shell:Creating package script '/home/ziper/r2d2_ws/ROS/install/r2d2_sim/share/r2d2_sim/package.ps1'
[4.864s] INFO:colcon.colcon_core.shell:Creating package descriptor '/home/ziper/r2d2_ws/ROS/install/r2d2_sim/share/r2d2_sim/package.dsv'
[4.865s] INFO:colcon.colcon_core.shell:Creating package script '/home/ziper/r2d2_ws/ROS/install/r2d2_sim/share/r2d2_sim/package.sh'
[4.867s] INFO:colcon.colcon_core.shell:Creating package script '/home/ziper/r2d2_ws/ROS/install/r2d2_sim/share/r2d2_sim/package.bash'
[4.869s] INFO:colcon.colcon_core.shell:Creating package script '/home/ziper/r2d2_ws/ROS/install/r2d2_sim/share/r2d2_sim/package.zsh'
[4.870s] Level 1:colcon.colcon_core.environment:create_file_with_runtime_dependencies(/home/ziper/r2d2_ws/ROS/install/r2d2_sim/share/colcon-core/packages/r2d2_sim)
[4.873s] DEBUG:colcon.colcon_parallel_executor.executor.parallel:closing loop
[4.874s] DEBUG:colcon.colcon_parallel_executor.executor.parallel:loop closed
[4.874s] DEBUG:colcon.colcon_parallel_executor.executor.parallel:run_until_complete finished with '0'
[4.878s] DEBUG:colcon.colcon_core.event_reactor:joining thread
[4.916s] INFO:colcon.colcon_core.plugin_system:Skipping extension 'colcon_notification.desktop_notification.terminal_notifier': Not used on non-Darwin systems
[4.916s] INFO:colcon.colcon_core.plugin_system:Skipping extension 'colcon_notification.desktop_notification.win32': Not used on non-Windows systems
[4.916s] INFO:colcon.colcon_notification.desktop_notification:Sending desktop notification using 'notify2'
[4.987s] DEBUG:colcon.colcon_core.event_reactor:joined thread
[4.988s] INFO:colcon.colcon_core.shell:Creating prefix script '/home/ziper/r2d2_ws/ROS/install/local_setup.ps1'
[4.991s] INFO:colcon.colcon_core.shell:Creating prefix util module '/home/ziper/r2d2_ws/ROS/install/_local_setup_util_ps1.py'
[4.993s] INFO:colcon.colcon_core.shell:Creating prefix chain script '/home/ziper/r2d2_ws/ROS/install/setup.ps1'
[4.997s] INFO:colcon.colcon_core.shell:Creating prefix script '/home/ziper/r2d2_ws/ROS/install/local_setup.sh'
[4.998s] INFO:colcon.colcon_core.shell:Creating prefix util module '/home/ziper/r2d2_ws/ROS/install/_local_setup_util_sh.py'
[5.000s] INFO:colcon.colcon_core.shell:Creating prefix chain script '/home/ziper/r2d2_ws/ROS/install/setup.sh'
[5.007s] INFO:colcon.colcon_core.shell:Creating prefix script '/home/ziper/r2d2_ws/ROS/install/local_setup.bash'
[5.009s] INFO:colcon.colcon_core.shell:Creating prefix chain script '/home/ziper/r2d2_ws/ROS/install/setup.bash'
[5.014s] INFO:colcon.colcon_core.shell:Creating prefix script '/home/ziper/r2d2_ws/ROS/install/local_setup.zsh'
[5.017s] INFO:colcon.colcon_core.shell:Creating prefix chain script '/home/ziper/r2d2_ws/ROS/install/setup.zsh'
