[1.401s] DEBUG:colcon:Command line arguments: ['/usr/bin/colcon', 'build']
[1.401s] DEBUG:colcon:Parsed command line arguments: Namespace(log_base=None, log_level=None, verb_name='build', build_base='build', install_base='install', merge_install=False, symlink_install=False, test_result_base=None, continue_on_error=False, executor='parallel', parallel_workers=4, event_handlers=None, ignore_user_meta=False, metas=['./colcon.meta'], base_paths=['.'], packages_ignore=None, packages_ignore_regex=None, paths=None, packages_up_to=None, packages_up_to_regex=None, packages_above=None, packages_above_and_dependencies=None, packages_above_depth=None, packages_select_by_dep=None, packages_skip_by_dep=None, packages_skip_up_to=None, packages_select_build_failed=False, packages_skip_build_finished=False, packages_select_test_failures=False, packages_skip_test_passed=False, packages_select=None, packages_skip=None, packages_select_regex=None, packages_skip_regex=None, packages_start=None, packages_end=None, allow_overriding=[], cmake_args=None, cmake_target=None, cmake_target_skip_unavailable=False, cmake_clean_cache=False, cmake_clean_first=False, cmake_force_configure=False, ament_cmake_args=None, catkin_cmake_args=None, catkin_skip_building_tests=False, mixin_files=None, mixin=None, verb_parser=<colcon_mixin.mixin.mixin_argument.MixinArgumentDecorator object at 0x7fe553342cc0>, verb_extension=<colcon_core.verb.build.BuildVerb object at 0x7fe5534aab70>, main=<bound method BuildVerb.main of <colcon_core.verb.build.BuildVerb object at 0x7fe5534aab70>>, mixin_verb=('build',))
[1.737s] Level 1:colcon.colcon_core.package_discovery:discover_packages(colcon_meta) check parameters
[1.737s] Level 1:colcon.colcon_core.package_discovery:discover_packages(recursive) check parameters
[1.737s] Level 1:colcon.colcon_core.package_discovery:discover_packages(ignore) check parameters
[1.737s] Level 1:colcon.colcon_core.package_discovery:discover_packages(path) check parameters
[1.738s] Level 1:colcon.colcon_core.package_discovery:discover_packages(colcon_meta) discover
[1.738s] Level 1:colcon.colcon_core.package_discovery:discover_packages(recursive) discover
[1.738s] INFO:colcon.colcon_core.package_discovery:Crawling recursively for packages in '/home/ziper/r2d2_ws/ROS'
[1.738s] Level 1:colcon.colcon_core.package_identification:_identify(.) by extensions ['ignore', 'ignore_ament_install']
[1.739s] Level 1:colcon.colcon_core.package_identification:_identify(.) by extension 'ignore'
[1.739s] Level 1:colcon.colcon_core.package_identification:_identify(.) by extension 'ignore_ament_install'
[1.739s] Level 1:colcon.colcon_core.package_identification:_identify(.) by extensions ['colcon_pkg']
[1.739s] Level 1:colcon.colcon_core.package_identification:_identify(.) by extension 'colcon_pkg'
[1.740s] Level 1:colcon.colcon_core.package_identification:_identify(.) by extensions ['colcon_meta']
[1.740s] Level 1:colcon.colcon_core.package_identification:_identify(.) by extension 'colcon_meta'
[1.740s] Level 1:colcon.colcon_core.package_identification:_identify(.) by extensions ['ros']
[1.740s] Level 1:colcon.colcon_core.package_identification:_identify(.) by extension 'ros'
[1.840s] Level 1:colcon.colcon_core.package_identification:_identify(.) by extensions ['cmake', 'python']
[1.840s] Level 1:colcon.colcon_core.package_identification:_identify(.) by extension 'cmake'
[1.840s] Level 1:colcon.colcon_core.package_identification:_identify(.) by extension 'python'
[1.840s] Level 1:colcon.colcon_core.package_identification:_identify(.) by extensions ['python_setup_py']
[1.840s] Level 1:colcon.colcon_core.package_identification:_identify(.) by extension 'python_setup_py'
[1.840s] Level 1:colcon.colcon_core.package_identification:_identify(build) by extensions ['ignore', 'ignore_ament_install']
[1.841s] Level 1:colcon.colcon_core.package_identification:_identify(build) by extension 'ignore'
[1.841s] Level 1:colcon.colcon_core.package_identification:_identify(build) ignored
[1.841s] Level 1:colcon.colcon_core.package_identification:_identify(install) by extensions ['ignore', 'ignore_ament_install']
[1.842s] Level 1:colcon.colcon_core.package_identification:_identify(install) by extension 'ignore'
[1.842s] Level 1:colcon.colcon_core.package_identification:_identify(install) ignored
[1.842s] Level 1:colcon.colcon_core.package_identification:_identify(log) by extensions ['ignore', 'ignore_ament_install']
[1.842s] Level 1:colcon.colcon_core.package_identification:_identify(log) by extension 'ignore'
[1.843s] Level 1:colcon.colcon_core.package_identification:_identify(log) ignored
[1.845s] Level 1:colcon.colcon_core.package_identification:_identify(src) by extensions ['ignore', 'ignore_ament_install']
[1.845s] Level 1:colcon.colcon_core.package_identification:_identify(src) by extension 'ignore'
[1.845s] Level 1:colcon.colcon_core.package_identification:_identify(src) by extension 'ignore_ament_install'
[1.846s] Level 1:colcon.colcon_core.package_identification:_identify(src) by extensions ['colcon_pkg']
[1.846s] Level 1:colcon.colcon_core.package_identification:_identify(src) by extension 'colcon_pkg'
[1.846s] Level 1:colcon.colcon_core.package_identification:_identify(src) by extensions ['colcon_meta']
[1.846s] Level 1:colcon.colcon_core.package_identification:_identify(src) by extension 'colcon_meta'
[1.846s] Level 1:colcon.colcon_core.package_identification:_identify(src) by extensions ['ros']
[1.846s] Level 1:colcon.colcon_core.package_identification:_identify(src) by extension 'ros'
[1.847s] Level 1:colcon.colcon_core.package_identification:_identify(src) by extensions ['cmake', 'python']
[1.847s] Level 1:colcon.colcon_core.package_identification:_identify(src) by extension 'cmake'
[1.847s] Level 1:colcon.colcon_core.package_identification:_identify(src) by extension 'python'
[1.847s] Level 1:colcon.colcon_core.package_identification:_identify(src) by extensions ['python_setup_py']
[1.847s] Level 1:colcon.colcon_core.package_identification:_identify(src) by extension 'python_setup_py'
[1.849s] Level 1:colcon.colcon_core.package_identification:_identify(src/r2d2_sim) by extensions ['ignore', 'ignore_ament_install']
[1.850s] Level 1:colcon.colcon_core.package_identification:_identify(src/r2d2_sim) by extension 'ignore'
[1.850s] Level 1:colcon.colcon_core.package_identification:_identify(src/r2d2_sim) by extension 'ignore_ament_install'
[1.851s] Level 1:colcon.colcon_core.package_identification:_identify(src/r2d2_sim) by extensions ['colcon_pkg']
[1.851s] Level 1:colcon.colcon_core.package_identification:_identify(src/r2d2_sim) by extension 'colcon_pkg'
[1.851s] Level 1:colcon.colcon_core.package_identification:_identify(src/r2d2_sim) by extensions ['colcon_meta']
[1.851s] Level 1:colcon.colcon_core.package_identification:_identify(src/r2d2_sim) by extension 'colcon_meta'
[1.851s] Level 1:colcon.colcon_core.package_identification:_identify(src/r2d2_sim) by extensions ['ros']
[1.852s] Level 1:colcon.colcon_core.package_identification:_identify(src/r2d2_sim) by extension 'ros'
[1.865s] DEBUG:colcon.colcon_core.package_identification:Package 'src/r2d2_sim' with type 'ros.ament_python' and name 'r2d2_sim'
[1.866s] Level 1:colcon.colcon_core.package_discovery:discover_packages(recursive) using defaults
[1.866s] Level 1:colcon.colcon_core.package_discovery:discover_packages(ignore) discover
[1.866s] Level 1:colcon.colcon_core.package_discovery:discover_packages(ignore) using defaults
[1.866s] Level 1:colcon.colcon_core.package_discovery:discover_packages(path) discover
[1.866s] Level 1:colcon.colcon_core.package_discovery:discover_packages(path) using defaults
[1.964s] Level 1:colcon.colcon_core.package_discovery:discover_packages(prefix_path) check parameters
[1.964s] Level 1:colcon.colcon_core.package_discovery:discover_packages(prefix_path) discover
[1.982s] DEBUG:colcon.colcon_installed_package_information.package_discovery:Found 316 installed packages in /opt/ros/jazzy
[1.985s] Level 1:colcon.colcon_core.package_discovery:discover_packages(prefix_path) using defaults
[2.084s] Level 5:colcon.colcon_core.verb:set package 'r2d2_sim' build argument 'cmake_args' from command line to 'None'
[2.084s] Level 5:colcon.colcon_core.verb:set package 'r2d2_sim' build argument 'cmake_target' from command line to 'None'
[2.084s] Level 5:colcon.colcon_core.verb:set package 'r2d2_sim' build argument 'cmake_target_skip_unavailable' from command line to 'False'
[2.085s] Level 5:colcon.colcon_core.verb:set package 'r2d2_sim' build argument 'cmake_clean_cache' from command line to 'False'
[2.085s] Level 5:colcon.colcon_core.verb:set package 'r2d2_sim' build argument 'cmake_clean_first' from command line to 'False'
[2.085s] Level 5:colcon.colcon_core.verb:set package 'r2d2_sim' build argument 'cmake_force_configure' from command line to 'False'
[2.085s] Level 5:colcon.colcon_core.verb:set package 'r2d2_sim' build argument 'ament_cmake_args' from command line to 'None'
[2.085s] Level 5:colcon.colcon_core.verb:set package 'r2d2_sim' build argument 'catkin_cmake_args' from command line to 'None'
[2.085s] Level 5:colcon.colcon_core.verb:set package 'r2d2_sim' build argument 'catkin_skip_building_tests' from command line to 'False'
[2.085s] DEBUG:colcon.colcon_core.verb:Building package 'r2d2_sim' with the following arguments: {'ament_cmake_args': None, 'build_base': '/home/ziper/r2d2_ws/ROS/build/r2d2_sim', 'catkin_cmake_args': None, 'catkin_skip_building_tests': False, 'cmake_args': None, 'cmake_clean_cache': False, 'cmake_clean_first': False, 'cmake_force_configure': False, 'cmake_target': None, 'cmake_target_skip_unavailable': False, 'install_base': '/home/ziper/r2d2_ws/ROS/install/r2d2_sim', 'merge_install': False, 'path': '/home/ziper/r2d2_ws/ROS/src/r2d2_sim', 'symlink_install': False, 'test_result_base': None}
[2.086s] INFO:colcon.colcon_core.executor:Executing jobs using 'parallel' executor
[2.090s] DEBUG:colcon.colcon_parallel_executor.executor.parallel:run_until_complete
[2.090s] INFO:colcon.colcon_ros.task.ament_python.build:Building ROS package in '/home/ziper/r2d2_ws/ROS/src/r2d2_sim' with build type 'ament_python'
[2.091s] Level 1:colcon.colcon_core.shell:create_environment_hook('r2d2_sim', 'ament_prefix_path')
[2.142s] INFO:colcon.colcon_core.plugin_system:Skipping extension 'colcon_core.shell.bat': Not used on non-Windows systems
[2.142s] INFO:colcon.colcon_core.shell:Creating environment hook '/home/ziper/r2d2_ws/ROS/install/r2d2_sim/share/r2d2_sim/hook/ament_prefix_path.ps1'
[2.151s] INFO:colcon.colcon_core.shell:Creating environment descriptor '/home/ziper/r2d2_ws/ROS/install/r2d2_sim/share/r2d2_sim/hook/ament_prefix_path.dsv'
[2.153s] INFO:colcon.colcon_core.shell:Creating environment hook '/home/ziper/r2d2_ws/ROS/install/r2d2_sim/share/r2d2_sim/hook/ament_prefix_path.sh'
[2.157s] INFO:colcon.colcon_core.shell:Skip shell extension 'powershell' for command environment: Not usable outside of PowerShell
[2.157s] DEBUG:colcon.colcon_core.shell:Skip shell extension 'dsv' for command environment
[2.696s] INFO:colcon.colcon_core.task.python.build:Building Python package in '/home/ziper/r2d2_ws/ROS/src/r2d2_sim'
[2.697s] INFO:colcon.colcon_core.shell:Skip shell extension 'powershell' for command environment: Not usable outside of PowerShell
[2.697s] DEBUG:colcon.colcon_core.shell:Skip shell extension 'dsv' for command environment
[5.590s] DEBUG:colcon.colcon_core.event_handler.log_command:Invoking command in '/home/ziper/r2d2_ws/ROS/src/r2d2_sim': DEBUGINFOD_URLS=https://debuginfod.ubuntu.com PYTHONPATH=/home/ziper/r2d2_ws/ROS/build/r2d2_sim/prefix_override:/usr/lib/python3/dist-packages/colcon_core/task/python/colcon_distutils_commands:/home/ziper/r2d2_ws/ROS/install/r2d2_sim/lib/python3.12/site-packages:${PYTHONPATH} /usr/bin/python3 -W ignore:setup.py install is deprecated -W ignore:easy_install command is deprecated setup.py egg_info --egg-base ../../build/r2d2_sim build --build-base /home/ziper/r2d2_ws/ROS/build/r2d2_sim/build install --record /home/ziper/r2d2_ws/ROS/build/r2d2_sim/install.log --single-version-externally-managed install_data
[6.862s] DEBUG:colcon.colcon_core.event_handler.log_command:Invoked command in '/home/ziper/r2d2_ws/ROS/src/r2d2_sim' returned '0': DEBUGINFOD_URLS=https://debuginfod.ubuntu.com PYTHONPATH=/home/ziper/r2d2_ws/ROS/build/r2d2_sim/prefix_override:/usr/lib/python3/dist-packages/colcon_core/task/python/colcon_distutils_commands:/home/ziper/r2d2_ws/ROS/install/r2d2_sim/lib/python3.12/site-packages:${PYTHONPATH} /usr/bin/python3 -W ignore:setup.py install is deprecated -W ignore:easy_install command is deprecated setup.py egg_info --egg-base ../../build/r2d2_sim build --build-base /home/ziper/r2d2_ws/ROS/build/r2d2_sim/build install --record /home/ziper/r2d2_ws/ROS/build/r2d2_sim/install.log --single-version-externally-managed install_data
[6.911s] Level 1:colcon.colcon_core.environment:checking '/home/ziper/r2d2_ws/ROS/install/r2d2_sim' for CMake module files
[6.912s] Level 1:colcon.colcon_core.environment:checking '/home/ziper/r2d2_ws/ROS/install/r2d2_sim' for CMake config files
[6.924s] Level 1:colcon.colcon_core.environment:checking '/home/ziper/r2d2_ws/ROS/install/r2d2_sim/lib'
[6.924s] Level 1:colcon.colcon_core.environment:checking '/home/ziper/r2d2_ws/ROS/install/r2d2_sim/bin'
[6.925s] Level 1:colcon.colcon_core.environment:checking '/home/ziper/r2d2_ws/ROS/install/r2d2_sim/lib/pkgconfig/r2d2_sim.pc'
[6.925s] Level 1:colcon.colcon_core.environment:checking '/home/ziper/r2d2_ws/ROS/install/r2d2_sim/lib/python3.12/site-packages'
[6.925s] Level 1:colcon.colcon_core.shell:create_environment_hook('r2d2_sim', 'pythonpath')
[6.925s] INFO:colcon.colcon_core.shell:Creating environment hook '/home/ziper/r2d2_ws/ROS/install/r2d2_sim/share/r2d2_sim/hook/pythonpath.ps1'
[6.926s] INFO:colcon.colcon_core.shell:Creating environment descriptor '/home/ziper/r2d2_ws/ROS/install/r2d2_sim/share/r2d2_sim/hook/pythonpath.dsv'
[6.927s] INFO:colcon.colcon_core.shell:Creating environment hook '/home/ziper/r2d2_ws/ROS/install/r2d2_sim/share/r2d2_sim/hook/pythonpath.sh'
[6.929s] Level 1:colcon.colcon_core.environment:checking '/home/ziper/r2d2_ws/ROS/install/r2d2_sim/bin'
[6.929s] Level 1:colcon.colcon_core.environment:create_environment_scripts_only(r2d2_sim)
[6.931s] INFO:colcon.colcon_core.shell:Creating package script '/home/ziper/r2d2_ws/ROS/install/r2d2_sim/share/r2d2_sim/package.ps1'
[6.935s] INFO:colcon.colcon_core.shell:Creating package descriptor '/home/ziper/r2d2_ws/ROS/install/r2d2_sim/share/r2d2_sim/package.dsv'
[6.939s] INFO:colcon.colcon_core.shell:Creating package script '/home/ziper/r2d2_ws/ROS/install/r2d2_sim/share/r2d2_sim/package.sh'
[6.942s] INFO:colcon.colcon_core.shell:Creating package script '/home/ziper/r2d2_ws/ROS/install/r2d2_sim/share/r2d2_sim/package.bash'
[6.946s] INFO:colcon.colcon_core.shell:Creating package script '/home/ziper/r2d2_ws/ROS/install/r2d2_sim/share/r2d2_sim/package.zsh'
[6.950s] Level 1:colcon.colcon_core.environment:create_file_with_runtime_dependencies(/home/ziper/r2d2_ws/ROS/install/r2d2_sim/share/colcon-core/packages/r2d2_sim)
[6.952s] DEBUG:colcon.colcon_parallel_executor.executor.parallel:closing loop
[6.955s] DEBUG:colcon.colcon_parallel_executor.executor.parallel:loop closed
[6.956s] DEBUG:colcon.colcon_parallel_executor.executor.parallel:run_until_complete finished with '0'
[6.956s] DEBUG:colcon.colcon_core.event_reactor:joining thread
[7.001s] INFO:colcon.colcon_core.plugin_system:Skipping extension 'colcon_notification.desktop_notification.terminal_notifier': Not used on non-Darwin systems
[7.001s] INFO:colcon.colcon_core.plugin_system:Skipping extension 'colcon_notification.desktop_notification.win32': Not used on non-Windows systems
[7.002s] INFO:colcon.colcon_notification.desktop_notification:Sending desktop notification using 'notify2'
[7.083s] DEBUG:colcon.colcon_core.event_reactor:joined thread
[7.083s] INFO:colcon.colcon_core.shell:Creating prefix script '/home/ziper/r2d2_ws/ROS/install/local_setup.ps1'
[7.086s] INFO:colcon.colcon_core.shell:Creating prefix util module '/home/ziper/r2d2_ws/ROS/install/_local_setup_util_ps1.py'
[7.090s] INFO:colcon.colcon_core.shell:Creating prefix chain script '/home/ziper/r2d2_ws/ROS/install/setup.ps1'
[7.094s] INFO:colcon.colcon_core.shell:Creating prefix script '/home/ziper/r2d2_ws/ROS/install/local_setup.sh'
[7.098s] INFO:colcon.colcon_core.shell:Creating prefix util module '/home/ziper/r2d2_ws/ROS/install/_local_setup_util_sh.py'
[7.100s] INFO:colcon.colcon_core.shell:Creating prefix chain script '/home/ziper/r2d2_ws/ROS/install/setup.sh'
[7.103s] INFO:colcon.colcon_core.shell:Creating prefix script '/home/ziper/r2d2_ws/ROS/install/local_setup.bash'
[7.105s] INFO:colcon.colcon_core.shell:Creating prefix chain script '/home/ziper/r2d2_ws/ROS/install/setup.bash'
[7.109s] INFO:colcon.colcon_core.shell:Creating prefix script '/home/ziper/r2d2_ws/ROS/install/local_setup.zsh'
[7.112s] INFO:colcon.colcon_core.shell:Creating prefix chain script '/home/ziper/r2d2_ws/ROS/install/setup.zsh'
